<?xml version="1.0" encoding="UTF-8"?>
<!-- Generated by org.testng.reporters.JUnitXMLReporter -->
<testsuite hostname="LAPTOP-M8LMA397" ignored="4" tests="0" failures="0" timestamp="2019-11-04T00:16:46 CST" time="0.017" errors="0">
  <testcase name="checkstatusline" time="0.0" classname="testCases.TC2_Post_Employee">
    <ignored/>
  </testcase> <!-- checkstatusline -->
  <testcase name="checkstatuscode" time="0.0" classname="testCases.TC2_Post_Employee">
    <ignored/>
  </testcase> <!-- checkstatuscode -->
  <testcase name="checkresponsetime" time="0.0" classname="testCases.TC2_Post_Employee">
    <ignored/>
  </testcase> <!-- checkresponsetime -->
  <testcase name="checkstatusbody" time="0.0" classname="testCases.TC2_Post_Employee">
    <ignored/>
  </testcase> <!-- checkstatusbody -->
</testsuite>
